<?xml version="1.0" encoding="UTF-8"?>
<!-- Generated by org.testng.reporters.JUnitReportReporter -->
<testsuite hostname="God-is-love" failures="0" tests="1" name="com.test.FirstTest2" time="0.003" errors="0" timestamp="2023-11-07T18:53:59 IST" skipped="0">
  <testcase classname="com.test.FirstTest2" name="test" time="0.003"/>
  <system-out/>
</testsuite> <!-- com.test.FirstTest2 -->
