<?xml version="1.0" encoding="UTF-8"?>
<!-- Generated by org.testng.reporters.JUnitReportReporter -->
<testsuite hostname="God-is-love" failures="0" tests="2" name="com.test.FirstTest" time="0.024" errors="0" timestamp="2023-11-07T19:02:33 IST" skipped="0">
  <testcase classname="com.test.FirstTest" name="test2" time="0.006"/>
  <system-out/>
  <testcase classname="com.test.FirstTest" name="test" time="0.018"/>
  <system-out/>
</testsuite> <!-- com.test.FirstTest -->
